[     7.153] (--) Log file renamed from "/home/ton/.local/share/xorg/Xorg.pid-861.log" to "/home/ton/.local/share/xorg/Xorg.0.log"
[     7.163] 
X.Org X Server 1.20.8
X Protocol Version 11, Revision 0
[     7.163] Build Operating System: Linux 5.4.0-139-generic x86_64 Ubuntu
[     7.163] Current Operating System: Linux ton-VirtualBox 5.4.0-150-generic #167~18.04.1-Ubuntu SMP Wed May 24 00:51:42 UTC 2023 x86_64
[     7.163] Kernel command line: BOOT_IMAGE=/boot/vmlinuz-5.4.0-150-generic root=UUID=c179fc8c-b362-4196-b4f4-932f12594d8a ro quiet splash
[     7.163] Build Date: 29 March 2023  01:26:59PM
[     7.163] xorg-server-hwe-18.04 2:1.20.8-2ubuntu2.2~18.04.11 (For technical support please see http://www.ubuntu.com/support) 
[     7.163] Current version of pixman: 0.34.0
[     7.163] 	Before reporting problems, check http://wiki.x.org
	to make sure that you have the latest version.
[     7.163] Markers: (--) probed, (**) from config file, (==) default setting,
	(++) from command line, (!!) notice, (II) informational,
	(WW) warning, (EE) error, (NI) not implemented, (??) unknown.
[     7.163] (==) Log file: "/home/ton/.local/share/xorg/Xorg.0.log", Time: Fri Nov 17 15:40:24 2023
[     7.175] (==) Using system config directory "/usr/share/X11/xorg.conf.d"
[     7.182] (==) No Layout section.  Using the first Screen section.
[     7.182] (==) No screen section available. Using defaults.
[     7.182] (**) |-->Screen "Default Screen Section" (0)
[     7.182] (**) |   |-->Monitor "<default monitor>"
[     7.183] (==) No monitor specified for screen "Default Screen Section".
	Using a default monitor configuration.
[     7.183] (==) Automatically adding devices
[     7.183] (==) Automatically enabling devices
[     7.183] (==) Automatically adding GPU devices
[     7.183] (==) Automatically binding GPU devices
[     7.183] (==) Max clients allowed: 256, resource mask: 0x1fffff
[     7.185] (WW) The directory "/usr/share/fonts/X11/cyrillic" does not exist.
[     7.185] 	Entry deleted from font path.
[     7.185] (WW) The directory "/usr/share/fonts/X11/100dpi/" does not exist.
[     7.185] 	Entry deleted from font path.
[     7.185] (WW) The directory "/usr/share/fonts/X11/75dpi/" does not exist.
[     7.185] 	Entry deleted from font path.
[     7.186] (WW) The directory "/usr/share/fonts/X11/100dpi" does not exist.
[     7.186] 	Entry deleted from font path.
[     7.186] (WW) The directory "/usr/share/fonts/X11/75dpi" does not exist.
[     7.186] 	Entry deleted from font path.
[     7.186] (==) FontPath set to:
	/usr/share/fonts/X11/misc,
	/usr/share/fonts/X11/Type1,
	built-ins
[     7.186] (==) ModulePath set to "/usr/lib/xorg/modules"
[     7.186] (II) The server relies on udev to provide the list of input devices.
	If no devices become available, reconfigure udev or disable AutoAddDevices.
[     7.186] (II) Loader magic: 0x55d6df572020
[     7.186] (II) Module ABI versions:
[     7.186] 	X.Org ANSI C Emulation: 0.4
[     7.186] 	X.Org Video Driver: 24.1
[     7.186] 	X.Org XInput driver : 24.1
[     7.186] 	X.Org Server Extension : 10.0
[     7.189] (++) using VT number 1

[     7.193] (II) systemd-logind: took control of session /org/freedesktop/login1/session/_31
[     7.195] (II) xfree86: Adding drm device (/dev/dri/card0)
[     7.198] (II) systemd-logind: got fd for /dev/dri/card0 226:0 fd 12 paused 0
[     7.200] (--) PCI:*(0@0:2:0) 15ad:0405:15ad:0405 rev 0, Mem @ 0xe0000000/16777216, 0xf0000000/2097152, I/O @ 0x0000d010/16, BIOS @ 0x????????/131072
[     7.200] (II) LoadModule: "glx"
[     7.247] (II) Loading /usr/lib/xorg/modules/extensions/libglx.so
[     7.273] (II) Module glx: vendor="X.Org Foundation"
[     7.273] 	compiled for 1.20.8, module version = 1.0.0
[     7.273] 	ABI class: X.Org Server Extension, version 10.0
[     7.273] (==) Matched vmware as autoconfigured driver 0
[     7.273] (==) Matched modesetting as autoconfigured driver 1
[     7.273] (==) Matched fbdev as autoconfigured driver 2
[     7.273] (==) Matched vesa as autoconfigured driver 3
[     7.273] (==) Assigned the driver to the xf86ConfigLayout
[     7.273] (II) LoadModule: "vmware"
[     7.274] (II) Loading /usr/lib/xorg/modules/drivers/vmware_drv.so
[     7.584] (II) Module vmware: vendor="X.Org Foundation"
[     7.584] 	compiled for 1.20.1, module version = 13.3.0
[     7.584] 	Module class: X.Org Video Driver
[     7.584] 	ABI class: X.Org Video Driver, version 24.0
[     7.584] (II) LoadModule: "modesetting"
[     7.584] (II) Loading /usr/lib/xorg/modules/drivers/modesetting_drv.so
[     7.587] (II) Module modesetting: vendor="X.Org Foundation"
[     7.587] 	compiled for 1.20.8, module version = 1.20.8
[     7.587] 	Module class: X.Org Video Driver
[     7.587] 	ABI class: X.Org Video Driver, version 24.1
[     7.587] (II) LoadModule: "fbdev"
[     7.587] (II) Loading /usr/lib/xorg/modules/drivers/fbdev_drv.so
[     7.589] (II) Module fbdev: vendor="X.Org Foundation"
[     7.589] 	compiled for 1.20.1, module version = 0.5.0
[     7.589] 	Module class: X.Org Video Driver
[     7.589] 	ABI class: X.Org Video Driver, version 24.0
[     7.589] (II) LoadModule: "vesa"
[     7.589] (II) Loading /usr/lib/xorg/modules/drivers/vesa_drv.so
[     7.592] (II) Module vesa: vendor="X.Org Foundation"
[     7.592] 	compiled for 1.20.1, module version = 2.4.0
[     7.592] 	Module class: X.Org Video Driver
[     7.592] 	ABI class: X.Org Video Driver, version 24.0
[     7.592] (II) vmware: driver for VMware SVGA: vmware0405, vmware0710
[     7.592] (II) modesetting: Driver for Modesetting Kernel Drivers: kms
[     7.592] (II) FBDEV: driver for framebuffer: fbdev
[     7.592] (II) VESA: driver for VESA chipsets: vesa
[     7.592] xf86EnableIOPorts: failed to set IOPL for I/O (Operation not permitted)
[     7.592] (WW) Falling back to old probe method for modesetting
[     7.592] (WW) Falling back to old probe method for fbdev
[     7.592] (II) Loading sub module "fbdevhw"
[     7.592] (II) LoadModule: "fbdevhw"
[     7.593] (II) Loading /usr/lib/xorg/modules/libfbdevhw.so
[     7.596] (II) Module fbdevhw: vendor="X.Org Foundation"
[     7.596] 	compiled for 1.20.8, module version = 0.0.2
[     7.596] 	ABI class: X.Org Video Driver, version 24.1
[     7.596] (EE) open /dev/fb0: Permission denied
[     7.596] (WW) VGA arbiter: cannot open kernel arbiter, no multi-card support
[     7.596] (II) vmware(0): Creating default Display subsection in Screen section
	"Default Screen Section" for depth/fbbpp 24/32
[     7.596] (--) vmware(0): DRM driver version is 2.15.0
[     7.596] (==) vmware(0): Depth 24, (--) framebuffer bpp 32
[     7.596] (==) vmware(0): RGB weight 888
[     7.596] (==) vmware(0): Default visual is TrueColor
[     7.596] (--) vmware(0): Min width 1, Max Width 8192.
[     7.596] (--) vmware(0): Min height 1, Max Height 8192.
[     7.596] (II) vmware(0): Output Virtual1 has no monitor section
[     7.596] (II) vmware(0): Output Virtual2 has no monitor section
[     7.596] (II) vmware(0): Output Virtual3 has no monitor section
[     7.596] (II) vmware(0): Output Virtual4 has no monitor section
[     7.596] (II) vmware(0): Output Virtual5 has no monitor section
[     7.596] (II) vmware(0): Output Virtual6 has no monitor section
[     7.596] (II) vmware(0): Output Virtual7 has no monitor section
[     7.596] (II) vmware(0): Output Virtual8 has no monitor section
[     7.596] (II) vmware(0): Printing probed modes for output Virtual1
[     7.596] (II) vmware(0): Modeline "800x600"x60.0   42.75  800 850 900 950  600 650 700 750 -hsync +vsync (45.0 kHz eP)
[     7.596] (II) vmware(0): Modeline "2560x1600"x60.0  348.50  2560 2752 3032 3504  1600 1603 1609 1658 -hsync +vsync (99.5 kHz e)
[     7.596] (II) vmware(0): Modeline "1920x1440"x60.0  234.00  1920 2048 2256 2600  1440 1441 1444 1500 -hsync +vsync (90.0 kHz e)
[     7.596] (II) vmware(0): Modeline "1856x1392"x60.0  218.25  1856 1952 2176 2528  1392 1393 1396 1439 -hsync +vsync (86.3 kHz e)
[     7.596] (II) vmware(0): Modeline "1792x1344"x60.0  204.75  1792 1920 2120 2448  1344 1345 1348 1394 -hsync +vsync (83.6 kHz e)
[     7.596] (II) vmware(0): Modeline "1920x1200"x59.9  193.25  1920 2056 2256 2592  1200 1203 1209 1245 -hsync +vsync (74.6 kHz e)
[     7.596] (II) vmware(0): Modeline "1600x1200"x60.0  162.00  1600 1664 1856 2160  1200 1201 1204 1250 +hsync +vsync (75.0 kHz e)
[     7.597] (II) vmware(0): Modeline "1680x1050"x60.0  146.25  1680 1784 1960 2240  1050 1053 1059 1089 -hsync +vsync (65.3 kHz e)
[     7.597] (II) vmware(0): Modeline "1400x1050"x60.0  121.75  1400 1488 1632 1864  1050 1053 1057 1089 -hsync +vsync (65.3 kHz e)
[     7.597] (II) vmware(0): Modeline "1280x1024"x60.0  108.00  1280 1328 1440 1688  1024 1025 1028 1066 +hsync +vsync (64.0 kHz e)
[     7.597] (II) vmware(0): Modeline "1440x900"x59.9  106.50  1440 1520 1672 1904  900 903 909 934 -hsync +vsync (55.9 kHz e)
[     7.597] (II) vmware(0): Modeline "1280x960"x60.0  108.00  1280 1376 1488 1800  960 961 964 1000 +hsync +vsync (60.0 kHz e)
[     7.597] (II) vmware(0): Modeline "1360x768"x60.0   85.50  1360 1424 1536 1792  768 771 777 795 +hsync +vsync (47.7 kHz e)
[     7.597] (II) vmware(0): Modeline "1280x800"x59.8   83.50  1280 1352 1480 1680  800 803 809 831 +hsync -vsync (49.7 kHz e)
[     7.597] (II) vmware(0): Modeline "1152x864"x75.0  108.00  1152 1216 1344 1600  864 865 868 900 +hsync +vsync (67.5 kHz e)
[     7.597] (II) vmware(0): Modeline "1280x768"x59.9   79.50  1280 1344 1472 1664  768 771 778 798 -hsync +vsync (47.8 kHz e)
[     7.597] (II) vmware(0): Modeline "1024x768"x60.0   65.00  1024 1048 1184 1344  768 771 777 806 -hsync -vsync (48.4 kHz e)
[     7.597] (II) vmware(0): Modeline "800x600"x60.3   40.00  800 840 968 1056  600 601 605 628 +hsync +vsync (37.9 kHz e)
[     7.597] (II) vmware(0): Modeline "640x480"x59.9   25.18  640 656 752 800  480 489 492 525 -hsync -vsync (31.5 kHz e)
[     7.597] (II) vmware(0): EDID for output Virtual2
[     7.597] (II) vmware(0): EDID for output Virtual3
[     7.597] (II) vmware(0): EDID for output Virtual4
[     7.597] (II) vmware(0): EDID for output Virtual5
[     7.597] (II) vmware(0): EDID for output Virtual6
[     7.597] (II) vmware(0): EDID for output Virtual7
[     7.597] (II) vmware(0): EDID for output Virtual8
[     7.597] (II) vmware(0): Output Virtual1 connected
[     7.597] (II) vmware(0): Output Virtual2 disconnected
[     7.597] (II) vmware(0): Output Virtual3 disconnected
[     7.597] (II) vmware(0): Output Virtual4 disconnected
[     7.597] (II) vmware(0): Output Virtual5 disconnected
[     7.597] (II) vmware(0): Output Virtual6 disconnected
[     7.597] (II) vmware(0): Output Virtual7 disconnected
[     7.597] (II) vmware(0): Output Virtual8 disconnected
[     7.597] (II) vmware(0): Using exact sizes for initial modes
[     7.597] (II) vmware(0): Output Virtual1 using initial mode 800x600 +0+0
[     7.597] (==) vmware(0): DPI set to (96, 96)
[     7.597] (==) vmware(0): Using gamma correction (1.0, 1.0, 1.0)
[     7.597] (II) Loading sub module "fb"
[     7.597] (II) LoadModule: "fb"
[     7.597] (II) Loading /usr/lib/xorg/modules/libfb.so
[     7.600] (II) Module fb: vendor="X.Org Foundation"
[     7.600] 	compiled for 1.20.8, module version = 1.0.0
[     7.600] 	ABI class: X.Org ANSI C Emulation, version 0.4
[     7.600] (II) Loading sub module "dri2"
[     7.600] (II) LoadModule: "dri2"
[     7.600] (II) Module "dri2" already built-in
[     7.600] (II) Loading sub module "dri3"
[     7.600] (II) LoadModule: "dri3"
[     7.600] (II) Module "dri3" already built-in
[     7.600] (II) UnloadModule: "modesetting"
[     7.600] (II) Unloading modesetting
[     7.600] (II) UnloadModule: "fbdev"
[     7.600] (II) Unloading fbdev
[     7.600] (II) UnloadSubModule: "fbdevhw"
[     7.600] (II) Unloading fbdevhw
[     7.600] (II) UnloadModule: "vesa"
[     7.600] (II) Unloading vesa
[     7.603] (II) vmware(0): Initialized VMWARE_CTRL extension version 0.2
[     7.617] (WW) vmware(0): Failed to initialize Gallium3D Xa. No render acceleration available.
[     7.617] (WW) vmware(0): Skipped initialization of direct rendering due to lack of render acceleration.
[     7.617] (--) vmware(0): Render acceleration is disabled.
[     7.617] (==) vmware(0): Rendercheck mode is disabled.
[     7.617] (--) vmware(0): Direct rendering (DRI2 3D) is disabled.
[     7.617] (--) vmware(0): Direct rendering (DRI3 3D) is disabled.
[     7.617] (==) vmware(0): Backing store enabled
[     7.617] (==) vmware(0): Silken mouse enabled
[     7.620] (==) vmware(0): DPMS enabled
[     7.620] (II) vmware(0): No 3D acceleration. Not setting up textured video.
[     7.620] (WW) vmware(0): Disabling Xv because no adaptors could be initialized.
[     7.620] (II) Initializing extension Generic Event Extension
[     7.620] (II) Initializing extension SHAPE
[     7.620] (II) Initializing extension MIT-SHM
[     7.620] (II) Initializing extension XInputExtension
[     7.621] (II) Initializing extension XTEST
[     7.622] (II) Initializing extension BIG-REQUESTS
[     7.622] (II) Initializing extension SYNC
[     7.622] (II) Initializing extension XKEYBOARD
[     7.622] (II) Initializing extension XC-MISC
[     7.622] (II) Initializing extension SECURITY
[     7.623] (II) Initializing extension XFIXES
[     7.623] (II) Initializing extension RENDER
[     7.623] (II) Initializing extension RANDR
[     7.623] (II) Initializing extension COMPOSITE
[     7.623] (II) Initializing extension DAMAGE
[     7.623] (II) Initializing extension MIT-SCREEN-SAVER
[     7.624] (II) Initializing extension DOUBLE-BUFFER
[     7.624] (II) Initializing extension RECORD
[     7.624] (II) Initializing extension DPMS
[     7.624] (II) Initializing extension Present
[     7.624] (II) Initializing extension DRI3
[     7.624] (II) Initializing extension X-Resource
[     7.624] (II) Initializing extension XVideo
[     7.625] (II) Initializing extension XVideo-MotionCompensation
[     7.625] (II) Initializing extension SELinux
[     7.625] (II) SELinux: Disabled on system
[     7.625] (II) Initializing extension GLX
[     7.625] (II) AIGLX: Screen 0 is not DRI2 capable
[     7.728] (II) IGLX: Loaded and initialized swrast
[     7.729] (II) GLX: Initialized DRISWRAST GL provider for screen 0
[     7.730] (II) Initializing extension XFree86-VidModeExtension
[     7.730] (II) Initializing extension XFree86-DGA
[     7.730] (II) Initializing extension XFree86-DRI
[     7.732] (II) Initializing extension DRI2
[     7.810] (II) vmware(0): Setting screen physical size to 211 x 158
[     7.972] (II) config/udev: Adding input device Power Button (/dev/input/event0)
[     7.973] (**) Power Button: Applying InputClass "libinput keyboard catchall"
[     7.973] (II) LoadModule: "libinput"
[     7.973] (II) Loading /usr/lib/xorg/modules/input/libinput_drv.so
[     7.987] (II) Module libinput: vendor="X.Org Foundation"
[     7.987] 	compiled for 1.20.1, module version = 0.28.1
[     7.987] 	Module class: X.Org XInput Driver
[     7.987] 	ABI class: X.Org XInput driver, version 24.1
[     7.987] (II) Using input driver 'libinput' for 'Power Button'
[     7.989] (II) systemd-logind: got fd for /dev/input/event0 13:64 fd 20 paused 0
[     7.989] (**) Power Button: always reports core events
[     7.989] (**) Option "Device" "/dev/input/event0"
[     7.989] (**) Option "_source" "server/udev"
[     7.992] (II) event0  - Power Button: is tagged by udev as: Keyboard
[     7.992] (II) event0  - Power Button: device is a keyboard
[     7.992] (II) event0  - Power Button: device removed
[     7.992] (**) Option "config_info" "udev:/sys/devices/LNXSYSTM:00/LNXPWRBN:00/input/input0/event0"
[     7.992] (II) XINPUT: Adding extended input device "Power Button" (type: KEYBOARD, id 6)
[     7.992] (**) Option "xkb_model" "pc105"
[     7.992] (**) Option "xkb_layout" "us"
[     7.993] (II) event0  - Power Button: is tagged by udev as: Keyboard
[     7.993] (II) event0  - Power Button: device is a keyboard
[     7.994] (II) config/udev: Adding input device Sleep Button (/dev/input/event1)
[     7.994] (**) Sleep Button: Applying InputClass "libinput keyboard catchall"
[     7.994] (II) Using input driver 'libinput' for 'Sleep Button'
[     7.997] (II) systemd-logind: got fd for /dev/input/event1 13:65 fd 23 paused 0
[     7.997] (**) Sleep Button: always reports core events
[     7.997] (**) Option "Device" "/dev/input/event1"
[     7.998] (**) Option "_source" "server/udev"
[     7.999] (II) event1  - Sleep Button: is tagged by udev as: Keyboard
[     7.999] (II) event1  - Sleep Button: device is a keyboard
[     7.999] (II) event1  - Sleep Button: device removed
[     7.999] (**) Option "config_info" "udev:/sys/devices/LNXSYSTM:00/LNXSLPBN:00/input/input1/event1"
[     7.999] (II) XINPUT: Adding extended input device "Sleep Button" (type: KEYBOARD, id 7)
[     7.999] (**) Option "xkb_model" "pc105"
[     7.999] (**) Option "xkb_layout" "us"
[     8.000] (II) event1  - Sleep Button: is tagged by udev as: Keyboard
[     8.000] (II) event1  - Sleep Button: device is a keyboard
[     8.001] (II) config/udev: Adding input device Video Bus (/dev/input/event3)
[     8.001] (**) Video Bus: Applying InputClass "libinput keyboard catchall"
[     8.001] (II) Using input driver 'libinput' for 'Video Bus'
[     8.004] (II) systemd-logind: got fd for /dev/input/event3 13:67 fd 24 paused 0
[     8.004] (**) Video Bus: always reports core events
[     8.004] (**) Option "Device" "/dev/input/event3"
[     8.004] (**) Option "_source" "server/udev"
[     8.004] (II) event3  - Video Bus: is tagged by udev as: Keyboard
[     8.004] (II) event3  - Video Bus: device is a keyboard
[     8.004] (II) event3  - Video Bus: device removed
[     8.004] (**) Option "config_info" "udev:/sys/devices/LNXSYSTM:00/LNXSYBUS:00/PNP0A03:00/LNXVIDEO:00/input/input4/event3"
[     8.004] (II) XINPUT: Adding extended input device "Video Bus" (type: KEYBOARD, id 8)
[     8.004] (**) Option "xkb_model" "pc105"
[     8.004] (**) Option "xkb_layout" "us"
[     8.005] (II) event3  - Video Bus: is tagged by udev as: Keyboard
[     8.005] (II) event3  - Video Bus: device is a keyboard
[     8.008] (II) config/udev: Adding input device VirtualBox mouse integration (/dev/input/event6)
[     8.008] (**) VirtualBox mouse integration: Applying InputClass "libinput pointer catchall"
[     8.008] (II) Using input driver 'libinput' for 'VirtualBox mouse integration'
[     8.009] (II) systemd-logind: got fd for /dev/input/event6 13:70 fd 25 paused 0
[     8.009] (**) VirtualBox mouse integration: always reports core events
[     8.009] (**) Option "Device" "/dev/input/event6"
[     8.009] (**) Option "_source" "server/udev"
[     8.010] (II) event6  - VirtualBox mouse integration: is tagged by udev as: Mouse
[     8.010] (II) event6  - VirtualBox mouse integration: device is a pointer
[     8.010] (II) event6  - VirtualBox mouse integration: device removed
[     8.010] (**) Option "config_info" "udev:/sys/devices/pci0000:00/0000:00:04.0/input/input7/event6"
[     8.010] (II) XINPUT: Adding extended input device "VirtualBox mouse integration" (type: MOUSE, id 9)
[     8.010] (**) Option "AccelerationScheme" "none"
[     8.011] (**) VirtualBox mouse integration: (accel) selected scheme none/0
[     8.011] (**) VirtualBox mouse integration: (accel) acceleration factor: 2.000
[     8.011] (**) VirtualBox mouse integration: (accel) acceleration threshold: 4
[     8.011] (II) event6  - VirtualBox mouse integration: is tagged by udev as: Mouse
[     8.012] (II) event6  - VirtualBox mouse integration: device is a pointer
[     8.012] (II) config/udev: Adding input device VirtualBox mouse integration (/dev/input/js1)
[     8.012] (II) No input driver specified, ignoring this device.
[     8.012] (II) This device may have been added with another device file.
[     8.013] (II) config/udev: Adding input device VirtualBox USB Tablet (/dev/input/event5)
[     8.013] (**) VirtualBox USB Tablet: Applying InputClass "libinput pointer catchall"
[     8.014] (II) Using input driver 'libinput' for 'VirtualBox USB Tablet'
[     8.074] (II) systemd-logind: got fd for /dev/input/event5 13:69 fd 26 paused 0
[     8.074] (**) VirtualBox USB Tablet: always reports core events
[     8.074] (**) Option "Device" "/dev/input/event5"
[     8.074] (**) Option "_source" "server/udev"
[     8.075] (II) event5  - VirtualBox USB Tablet: is tagged by udev as: Mouse
[     8.075] (II) event5  - VirtualBox USB Tablet: device is a pointer
[     8.075] (II) event5  - VirtualBox USB Tablet: device removed
[     8.075] (**) Option "config_info" "udev:/sys/devices/pci0000:00/0000:00:06.0/usb2/2-1/2-1:1.0/0003:80EE:0021.0001/input/input6/event5"
[     8.075] (II) XINPUT: Adding extended input device "VirtualBox USB Tablet" (type: MOUSE, id 10)
[     8.075] (**) Option "AccelerationScheme" "none"
[     8.075] (**) VirtualBox USB Tablet: (accel) selected scheme none/0
[     8.075] (**) VirtualBox USB Tablet: (accel) acceleration factor: 2.000
[     8.075] (**) VirtualBox USB Tablet: (accel) acceleration threshold: 4
[     8.076] (II) event5  - VirtualBox USB Tablet: is tagged by udev as: Mouse
[     8.076] (II) event5  - VirtualBox USB Tablet: device is a pointer
[     8.076] (II) config/udev: Adding input device VirtualBox USB Tablet (/dev/input/js0)
[     8.076] (II) No input driver specified, ignoring this device.
[     8.076] (II) This device may have been added with another device file.
[     8.076] (II) config/udev: Adding input device VirtualBox USB Tablet (/dev/input/mouse1)
[     8.076] (II) No input driver specified, ignoring this device.
[     8.076] (II) This device may have been added with another device file.
[     8.077] (II) config/udev: Adding input device AT Translated Set 2 keyboard (/dev/input/event2)
[     8.077] (**) AT Translated Set 2 keyboard: Applying InputClass "libinput keyboard catchall"
[     8.077] (II) Using input driver 'libinput' for 'AT Translated Set 2 keyboard'
[     8.079] (II) systemd-logind: got fd for /dev/input/event2 13:66 fd 27 paused 0
[     8.079] (**) AT Translated Set 2 keyboard: always reports core events
[     8.079] (**) Option "Device" "/dev/input/event2"
[     8.079] (**) Option "_source" "server/udev"
[     8.080] (II) event2  - AT Translated Set 2 keyboard: is tagged by udev as: Keyboard
[     8.080] (II) event2  - AT Translated Set 2 keyboard: device is a keyboard
[     8.080] (II) event2  - AT Translated Set 2 keyboard: device removed
[     8.080] (**) Option "config_info" "udev:/sys/devices/platform/i8042/serio0/input/input2/event2"
[     8.080] (II) XINPUT: Adding extended input device "AT Translated Set 2 keyboard" (type: KEYBOARD, id 11)
[     8.080] (**) Option "xkb_model" "pc105"
[     8.080] (**) Option "xkb_layout" "us"
[     8.081] (II) event2  - AT Translated Set 2 keyboard: is tagged by udev as: Keyboard
[     8.081] (II) event2  - AT Translated Set 2 keyboard: device is a keyboard
[     8.082] (II) config/udev: Adding input device ImExPS/2 Generic Explorer Mouse (/dev/input/event4)
[     8.082] (**) ImExPS/2 Generic Explorer Mouse: Applying InputClass "libinput pointer catchall"
[     8.082] (II) Using input driver 'libinput' for 'ImExPS/2 Generic Explorer Mouse'
[     8.083] (II) systemd-logind: got fd for /dev/input/event4 13:68 fd 28 paused 0
[     8.083] (**) ImExPS/2 Generic Explorer Mouse: always reports core events
[     8.083] (**) Option "Device" "/dev/input/event4"
[     8.083] (**) Option "_source" "server/udev"
[     8.085] (II) event4  - ImExPS/2 Generic Explorer Mouse: is tagged by udev as: Mouse
[     8.085] (II) event4  - ImExPS/2 Generic Explorer Mouse: device is a pointer
[     8.085] (II) event4  - ImExPS/2 Generic Explorer Mouse: device removed
[     8.085] (**) Option "config_info" "udev:/sys/devices/platform/i8042/serio1/input/input5/event4"
[     8.085] (II) XINPUT: Adding extended input device "ImExPS/2 Generic Explorer Mouse" (type: MOUSE, id 12)
[     8.086] (**) Option "AccelerationScheme" "none"
[     8.086] (**) ImExPS/2 Generic Explorer Mouse: (accel) selected scheme none/0
[     8.086] (**) ImExPS/2 Generic Explorer Mouse: (accel) acceleration factor: 2.000
[     8.086] (**) ImExPS/2 Generic Explorer Mouse: (accel) acceleration threshold: 4
[     8.086] (II) event4  - ImExPS/2 Generic Explorer Mouse: is tagged by udev as: Mouse
[     8.086] (II) event4  - ImExPS/2 Generic Explorer Mouse: device is a pointer
[     8.087] (II) config/udev: Adding input device ImExPS/2 Generic Explorer Mouse (/dev/input/mouse0)
[     8.087] (II) No input driver specified, ignoring this device.
[     8.087] (II) This device may have been added with another device file.
[  4854.797] (II) config/udev: removing device VirtualBox USB Tablet
[  4854.798] (**) Option "fd" "26"
[  4854.798] (II) event5  - VirtualBox USB Tablet: device removed
[  4854.849] (II) UnloadModule: "libinput"
[  4854.849] (II) systemd-logind: releasing fd for 13:69
[  4854.856] (EE) systemd-logind: failed to release device: Device not taken
[  6071.834] (!!) vmware(0): New layout.
[  6071.834] (!!) vmware(0): 0: 0 0 800 600
[  6071.834] (!!) vmware(0): 
